2025-11-30 23:57:32,581 - scripts.kafka_metrics - INFO - Prometheus metrics server started on port 8001
2025-11-30 23:57:32,601 - __main__ - WARNING - Kafka consumer connection failed (attempt 1/5): 'FeaturePipeline' object has no attribute 'consumer'
2025-11-30 23:57:32,601 - __main__ - INFO - Retrying in 2 seconds...
2025-11-30 23:57:34,606 - __main__ - WARNING - Kafka consumer connection failed (attempt 2/5): 'FeaturePipeline' object has no attribute 'consumer'
2025-11-30 23:57:34,606 - __main__ - INFO - Retrying in 4 seconds...
2025-11-30 23:57:38,611 - __main__ - WARNING - Kafka consumer connection failed (attempt 3/5): 'FeaturePipeline' object has no attribute 'consumer'
2025-11-30 23:57:38,612 - __main__ - INFO - Retrying in 8 seconds...
2025-11-30 23:57:46,617 - __main__ - WARNING - Kafka consumer connection failed (attempt 4/5): 'FeaturePipeline' object has no attribute 'consumer'
2025-11-30 23:57:46,619 - __main__ - INFO - Retrying in 16 seconds...
2025-11-30 23:58:02,626 - __main__ - ERROR - Failed to connect Kafka consumer after 5 attempts: 'FeaturePipeline' object has no attribute 'consumer'
Traceback (most recent call last):
  File "/Users/mel/Downloads/Crypto-Project-FOAI_edited-mel/features/featurizer.py", line 1346, in <module>
    main()
  File "/Users/mel/Downloads/Crypto-Project-FOAI_edited-mel/features/featurizer.py", line 1331, in main
    pipeline = FeaturePipeline(
  File "/Users/mel/Downloads/Crypto-Project-FOAI_edited-mel/features/featurizer.py", line 628, in __init__
    self._init_kafka_connections()
  File "/Users/mel/Downloads/Crypto-Project-FOAI_edited-mel/features/featurizer.py", line 664, in _init_kafka_connections
    if self.consumer:
AttributeError: 'FeaturePipeline' object has no attribute 'consumer'
