2025-12-01 00:01:00,527 - __main__ - INFO - Starting Coinbase WebSocket Ingestor
2025-12-01 00:01:00,527 - __main__ - INFO - Trading pairs: ['BTC-USD']
2025-12-01 00:01:00,527 - __main__ - INFO - Kafka topic: ticks.raw
2025-12-01 00:01:00,527 - __main__ - INFO - ✓ Connected to Kafka at localhost:9092
2025-12-01 00:01:00,527 - __main__ - INFO - Writing raw data to data/raw/ticks_BTCUSD_20251201_000100.ndjson
2025-12-01 00:01:00,527 - __main__ - INFO - Starting ingestion (press Ctrl+C to stop)
2025-12-01 00:01:00,532 - kafka.conn - INFO - <BrokerConnection client_id=kafka-python-producer-1, node_id=bootstrap-0 host=localhost:9092 <connecting> [IPv6 ('::1', 9092, 0, 0)]>: connecting to localhost:9092 [('::1', 9092, 0, 0) IPv6]
2025-12-01 00:01:00,532 - kafka.conn - INFO - <BrokerConnection client_id=kafka-python-producer-1, node_id=bootstrap-0 host=localhost:9092 <connected> [IPv6 ('::1', 9092, 0, 0)]>: Connection complete.
2025-12-01 00:01:00,653 - websocket - INFO - Websocket connected
2025-12-01 00:01:00,653 - __main__ - INFO - WebSocket connected to wss://advanced-trade-ws.coinbase.com
2025-12-01 00:01:00,653 - __main__ - INFO - Sending subscription: {'type': 'subscribe', 'product_ids': ['BTC-USD'], 'channel': 'ticker'}
2025-12-01 00:01:00,653 - __main__ - INFO - Subscribed to ticker channel for ['BTC-USD']
2025-12-01 00:01:00,654 - __main__ - INFO - Subscribed to heartbeats
2025-12-01 00:01:00,678 - kafka.conn - INFO - <BrokerConnection client_id=kafka-python-producer-1, node_id=1 host=localhost:9092 <connecting> [IPv6 ('::1', 9092, 0, 0)]>: connecting to localhost:9092 [('::1', 9092, 0, 0) IPv6]
2025-12-01 00:01:00,678 - kafka.conn - INFO - <BrokerConnection client_id=kafka-python-producer-1, node_id=1 host=localhost:9092 <connected> [IPv6 ('::1', 9092, 0, 0)]>: Connection complete.
2025-12-01 00:01:00,678 - kafka.conn - INFO - <BrokerConnection client_id=kafka-python-producer-1, node_id=bootstrap-0 host=localhost:9092 <connected> [IPv6 ('::1', 9092, 0, 0)]>: Closing connection. 
2025-12-01 00:01:02,243 - __main__ - INFO - Processed 10 messages (5.83 msg/s)
2025-12-01 00:01:04,492 - __main__ - INFO - Processed 20 messages (5.04 msg/s)
2025-12-01 00:01:06,491 - __main__ - INFO - Processed 30 messages (5.03 msg/s)
2025-12-01 00:01:08,559 - __main__ - INFO - Processed 40 messages (4.98 msg/s)
2025-12-01 00:01:09,743 - __main__ - INFO - Processed 50 messages (5.43 msg/s)
2025-12-01 00:01:11,490 - __main__ - INFO - Processed 60 messages (5.47 msg/s)
2025-12-01 00:01:13,491 - __main__ - INFO - Processed 70 messages (5.40 msg/s)
2025-12-01 00:01:15,761 - __main__ - INFO - Processed 80 messages (5.25 msg/s)
2025-12-01 00:01:17,491 - __main__ - INFO - Processed 90 messages (5.31 msg/s)
2025-12-01 00:01:19,740 - __main__ - INFO - Processed 100 messages (5.21 msg/s)
2025-12-01 00:01:21,510 - __main__ - INFO - Processed 110 messages (5.24 msg/s)
2025-12-01 00:01:23,255 - __main__ - INFO - Processed 120 messages (5.28 msg/s)
2025-12-01 00:01:25,009 - __main__ - INFO - Processed 130 messages (5.31 msg/s)
2025-12-01 00:01:26,989 - __main__ - INFO - Processed 140 messages (5.29 msg/s)
2025-12-01 00:01:29,026 - __main__ - INFO - Processed 150 messages (5.26 msg/s)
2025-12-01 00:01:31,015 - __main__ - INFO - Processed 160 messages (5.25 msg/s)
2025-12-01 00:01:32,761 - __main__ - INFO - Processed 170 messages (5.27 msg/s)
2025-12-01 00:01:35,241 - __main__ - INFO - Processed 180 messages (5.19 msg/s)
2025-12-01 00:01:36,990 - __main__ - INFO - Processed 190 messages (5.21 msg/s)
2025-12-01 00:01:38,241 - __main__ - INFO - Processed 200 messages (5.30 msg/s)
2025-12-01 00:01:39,820 - __main__ - INFO - Processed 210 messages (5.34 msg/s)
2025-12-01 00:01:41,489 - __main__ - INFO - Processed 220 messages (5.37 msg/s)
2025-12-01 00:01:43,488 - __main__ - INFO - Processed 230 messages (5.35 msg/s)
2025-12-01 00:01:45,490 - __main__ - INFO - Processed 240 messages (5.34 msg/s)
2025-12-01 00:01:47,516 - __main__ - INFO - Processed 250 messages (5.32 msg/s)
2025-12-01 00:01:49,242 - __main__ - INFO - Processed 260 messages (5.34 msg/s)
2025-12-01 00:01:51,489 - __main__ - INFO - Processed 270 messages (5.30 msg/s)
2025-12-01 00:01:53,489 - __main__ - INFO - Processed 280 messages (5.29 msg/s)
2025-12-01 00:01:56,132 - __main__ - INFO - Processed 290 messages (5.22 msg/s)
2025-12-01 00:01:57,993 - __main__ - INFO - Processed 300 messages (5.22 msg/s)
2025-12-01 00:01:59,495 - __main__ - INFO - Processed 310 messages (5.26 msg/s)
2025-12-01 00:02:01,243 - __main__ - INFO - Processed 320 messages (5.27 msg/s)
2025-12-01 00:02:02,762 - __main__ - INFO - Processed 330 messages (5.30 msg/s)
2025-12-01 00:02:04,491 - __main__ - INFO - Processed 340 messages (5.32 msg/s)
2025-12-01 00:02:06,489 - __main__ - INFO - Processed 350 messages (5.31 msg/s)
2025-12-01 00:02:08,761 - __main__ - INFO - Processed 360 messages (5.28 msg/s)
2025-12-01 00:02:10,798 - __main__ - INFO - Processed 370 messages (5.27 msg/s)
2025-12-01 00:02:12,077 - __main__ - INFO - Processed 380 messages (5.31 msg/s)
2025-12-01 00:02:13,262 - __main__ - INFO - Processed 390 messages (5.36 msg/s)
2025-12-01 00:02:15,246 - __main__ - INFO - Processed 400 messages (5.35 msg/s)
2025-12-01 00:02:16,991 - __main__ - INFO - Processed 410 messages (5.36 msg/s)
2025-12-01 00:02:18,739 - __main__ - INFO - Processed 420 messages (5.37 msg/s)
2025-12-01 00:02:20,261 - __main__ - INFO - Processed 430 messages (5.39 msg/s)
2025-12-01 00:02:22,243 - __main__ - INFO - Processed 440 messages (5.38 msg/s)
2025-12-01 00:02:23,763 - __main__ - INFO - Processed 450 messages (5.41 msg/s)
2025-12-01 00:02:26,491 - __main__ - INFO - Processed 460 messages (5.35 msg/s)
2025-12-01 00:02:28,240 - __main__ - INFO - Processed 470 messages (5.36 msg/s)
2025-12-01 00:02:30,742 - __main__ - INFO - Processed 480 messages (5.32 msg/s)
2025-12-01 00:02:32,759 - __main__ - INFO - Processed 490 messages (5.31 msg/s)
2025-12-01 00:02:34,769 - __main__ - INFO - Processed 500 messages (5.31 msg/s)
2025-12-01 00:02:36,754 - __main__ - INFO - Processed 510 messages (5.30 msg/s)
2025-12-01 00:02:38,011 - __main__ - INFO - Processed 520 messages (5.33 msg/s)
2025-12-01 00:02:39,764 - __main__ - INFO - Processed 530 messages (5.34 msg/s)
2025-12-01 00:02:42,262 - __main__ - INFO - Processed 540 messages (5.31 msg/s)
2025-12-01 00:02:45,260 - __main__ - INFO - Processed 550 messages (5.25 msg/s)
2025-12-01 00:02:46,776 - __main__ - INFO - Processed 560 messages (5.27 msg/s)
2025-12-01 00:02:48,989 - __main__ - INFO - Processed 570 messages (5.26 msg/s)
2025-12-01 00:02:50,240 - __main__ - INFO - Processed 580 messages (5.29 msg/s)
2025-12-01 00:02:52,987 - __main__ - INFO - Processed 590 messages (5.25 msg/s)
2025-12-01 00:02:54,489 - __main__ - INFO - Processed 600 messages (5.26 msg/s)
2025-12-01 00:02:56,006 - __main__ - INFO - Processed 610 messages (5.28 msg/s)
2025-12-01 00:02:57,514 - __main__ - INFO - Processed 620 messages (5.30 msg/s)
2025-12-01 00:02:59,488 - __main__ - INFO - Processed 630 messages (5.30 msg/s)
2025-12-01 00:03:01,260 - __main__ - INFO - Processed 640 messages (5.30 msg/s)
2025-12-01 00:03:03,241 - __main__ - INFO - Processed 650 messages (5.30 msg/s)
2025-12-01 00:03:05,017 - __main__ - INFO - Processed 660 messages (5.30 msg/s)
2025-12-01 00:03:06,516 - __main__ - INFO - Processed 670 messages (5.32 msg/s)
2025-12-01 00:03:09,011 - __main__ - INFO - Processed 680 messages (5.29 msg/s)
2025-12-01 00:03:12,990 - __main__ - INFO - Processed 690 messages (5.21 msg/s)
2025-12-01 00:03:15,010 - __main__ - INFO - Processed 700 messages (5.21 msg/s)
2025-12-01 00:03:16,796 - __main__ - INFO - Processed 710 messages (5.21 msg/s)
2025-12-01 00:03:18,489 - __main__ - INFO - Processed 720 messages (5.22 msg/s)
2025-12-01 00:03:20,065 - __main__ - INFO - Processed 730 messages (5.23 msg/s)
2025-12-01 00:03:21,989 - __main__ - INFO - Processed 740 messages (5.23 msg/s)
2025-12-01 00:03:23,491 - __main__ - INFO - Processed 750 messages (5.25 msg/s)
2025-12-01 00:03:25,244 - __main__ - INFO - Processed 760 messages (5.25 msg/s)
2025-12-01 00:03:27,022 - __main__ - INFO - Processed 770 messages (5.26 msg/s)
2025-12-01 00:03:29,239 - __main__ - INFO - Processed 780 messages (5.25 msg/s)
2025-12-01 00:03:32,490 - __main__ - INFO - Processed 790 messages (5.20 msg/s)
2025-12-01 00:03:34,012 - __main__ - INFO - Processed 800 messages (5.21 msg/s)
2025-12-01 00:03:36,517 - __main__ - INFO - Processed 810 messages (5.19 msg/s)
2025-12-01 00:03:38,498 - __main__ - INFO - Processed 820 messages (5.19 msg/s)
2025-12-01 00:03:41,488 - __main__ - INFO - Processed 830 messages (5.16 msg/s)
2025-12-01 00:03:43,989 - __main__ - INFO - Processed 840 messages (5.14 msg/s)
2025-12-01 00:03:47,026 - __main__ - INFO - Processed 850 messages (5.11 msg/s)
2025-12-01 00:03:51,241 - __main__ - INFO - Processed 860 messages (5.04 msg/s)
2025-12-01 00:03:52,989 - __main__ - INFO - Processed 870 messages (5.04 msg/s)
2025-12-01 00:03:56,832 - __main__ - INFO - Processed 880 messages (4.99 msg/s)
2025-12-01 00:03:58,990 - __main__ - INFO - Processed 890 messages (4.99 msg/s)
2025-12-01 00:04:01,240 - __main__ - INFO - Processed 900 messages (4.98 msg/s)
2025-12-01 00:04:04,488 - __main__ - INFO - Processed 910 messages (4.95 msg/s)
2025-12-01 00:04:06,259 - __main__ - INFO - Processed 920 messages (4.95 msg/s)
2025-12-01 00:04:07,743 - __main__ - INFO - Processed 930 messages (4.97 msg/s)
2025-12-01 00:04:09,492 - __main__ - INFO - Processed 940 messages (4.97 msg/s)
2025-12-01 00:04:12,496 - __main__ - INFO - Processed 950 messages (4.95 msg/s)
2025-12-01 00:04:15,488 - __main__ - INFO - Processed 960 messages (4.92 msg/s)
2025-12-01 00:04:17,743 - __main__ - INFO - Processed 970 messages (4.92 msg/s)
2025-12-01 00:04:20,490 - __main__ - INFO - Processed 980 messages (4.90 msg/s)
2025-12-01 00:04:23,238 - __main__ - INFO - Processed 990 messages (4.88 msg/s)
2025-12-01 00:04:25,238 - __main__ - INFO - Processed 1000 messages (4.88 msg/s)
2025-12-01 00:04:27,488 - __main__ - INFO - Processed 1010 messages (4.88 msg/s)
2025-12-01 00:04:29,241 - __main__ - INFO - Processed 1020 messages (4.89 msg/s)
2025-12-01 00:04:30,990 - __main__ - INFO - Processed 1030 messages (4.89 msg/s)
2025-12-01 00:04:33,758 - __main__ - INFO - Processed 1040 messages (4.88 msg/s)
2025-12-01 00:04:36,770 - __main__ - INFO - Processed 1050 messages (4.86 msg/s)
2025-12-01 00:04:38,739 - __main__ - INFO - Processed 1060 messages (4.86 msg/s)
2025-12-01 00:04:40,989 - __main__ - INFO - Processed 1070 messages (4.85 msg/s)
2025-12-01 00:04:44,241 - __main__ - INFO - Processed 1080 messages (4.83 msg/s)
2025-12-01 00:04:47,242 - __main__ - INFO - Processed 1090 messages (4.81 msg/s)
2025-12-01 00:04:50,491 - __main__ - INFO - Processed 1100 messages (4.78 msg/s)
2025-12-01 00:04:52,309 - __main__ - INFO - Processed 1110 messages (4.79 msg/s)
2025-12-01 00:04:56,490 - __main__ - INFO - Processed 1120 messages (4.75 msg/s)
2025-12-01 00:04:58,069 - __main__ - INFO - Processed 1130 messages (4.76 msg/s)
2025-12-01 00:04:59,488 - __main__ - INFO - Processed 1140 messages (4.77 msg/s)
2025-12-01 00:05:01,598 - __main__ - INFO - Processed 1150 messages (4.77 msg/s)
2025-12-01 00:05:04,007 - __main__ - INFO - Processed 1160 messages (4.76 msg/s)
2025-12-01 00:05:06,490 - __main__ - INFO - Processed 1170 messages (4.76 msg/s)
2025-12-01 00:05:07,764 - __main__ - INFO - Processed 1180 messages (4.77 msg/s)
2025-12-01 00:05:09,739 - __main__ - INFO - Processed 1190 messages (4.78 msg/s)
2025-12-01 00:05:12,488 - __main__ - INFO - Processed 1200 messages (4.76 msg/s)
2025-12-01 00:05:14,489 - __main__ - INFO - Processed 1210 messages (4.76 msg/s)
2025-12-01 00:05:16,295 - __main__ - INFO - Processed 1220 messages (4.77 msg/s)
2025-12-01 00:05:17,742 - __main__ - INFO - Processed 1230 messages (4.78 msg/s)
2025-12-01 00:05:18,990 - __main__ - INFO - Processed 1240 messages (4.80 msg/s)
2025-12-01 00:05:20,771 - __main__ - INFO - Processed 1250 messages (4.80 msg/s)
2025-12-01 00:05:22,011 - __main__ - INFO - Processed 1260 messages (4.82 msg/s)
2025-12-01 00:05:23,988 - __main__ - INFO - Processed 1270 messages (4.82 msg/s)
2025-12-01 00:05:26,241 - __main__ - INFO - Processed 1280 messages (4.82 msg/s)
2025-12-01 00:05:27,740 - __main__ - INFO - Processed 1290 messages (4.83 msg/s)
2025-12-01 00:05:29,763 - __main__ - INFO - Processed 1300 messages (4.83 msg/s)
2025-12-01 00:05:32,239 - __main__ - INFO - Processed 1310 messages (4.82 msg/s)
2025-12-01 00:05:34,739 - __main__ - INFO - Processed 1320 messages (4.81 msg/s)
2025-12-01 00:05:36,239 - __main__ - INFO - Processed 1330 messages (4.82 msg/s)
2025-12-01 00:05:38,510 - __main__ - INFO - Processed 1340 messages (4.82 msg/s)
2025-12-01 00:05:42,488 - __main__ - INFO - Processed 1350 messages (4.79 msg/s)
2025-12-01 00:05:44,239 - __main__ - INFO - Processed 1360 messages (4.79 msg/s)
2025-12-01 00:05:45,740 - __main__ - INFO - Processed 1370 messages (4.80 msg/s)
2025-12-01 00:05:47,987 - __main__ - INFO - Processed 1380 messages (4.80 msg/s)
2025-12-01 00:05:49,738 - __main__ - INFO - Processed 1390 messages (4.81 msg/s)
2025-12-01 00:05:51,828 - __main__ - INFO - Processed 1400 messages (4.81 msg/s)
2025-12-01 00:05:53,259 - __main__ - INFO - Processed 1410 messages (4.82 msg/s)
2025-12-01 00:05:55,258 - __main__ - INFO - Processed 1420 messages (4.82 msg/s)
2025-12-01 00:05:58,240 - __main__ - INFO - Processed 1430 messages (4.80 msg/s)
2025-12-01 00:06:00,488 - __main__ - INFO - Processed 1440 messages (4.80 msg/s)
2025-12-01 00:06:02,242 - __main__ - INFO - Processed 1450 messages (4.81 msg/s)
2025-12-01 00:06:03,741 - __main__ - INFO - Processed 1460 messages (4.82 msg/s)
2025-12-01 00:06:05,240 - __main__ - INFO - Processed 1470 messages (4.82 msg/s)
2025-12-01 00:06:08,261 - __main__ - INFO - Processed 1480 messages (4.81 msg/s)
2025-12-01 00:06:09,988 - __main__ - INFO - Processed 1490 messages (4.81 msg/s)
2025-12-01 00:06:12,009 - __main__ - INFO - Processed 1500 messages (4.82 msg/s)
2025-12-01 00:06:14,258 - __main__ - INFO - Processed 1510 messages (4.81 msg/s)
2025-12-01 00:06:16,489 - __main__ - INFO - Processed 1520 messages (4.81 msg/s)
2025-12-01 00:06:18,742 - __main__ - INFO - Processed 1530 messages (4.81 msg/s)
2025-12-01 00:06:20,258 - __main__ - INFO - Processed 1540 messages (4.82 msg/s)
2025-12-01 00:06:21,819 - __main__ - INFO - Processed 1550 messages (4.82 msg/s)
2025-12-01 00:06:23,489 - __main__ - INFO - Processed 1560 messages (4.83 msg/s)
2025-12-01 00:06:25,009 - __main__ - INFO - Processed 1570 messages (4.84 msg/s)
2025-12-01 00:06:26,262 - __main__ - INFO - Processed 1580 messages (4.85 msg/s)
2025-12-01 00:06:28,487 - __main__ - INFO - Processed 1590 messages (4.85 msg/s)
2025-12-01 00:06:30,763 - __main__ - INFO - Processed 1600 messages (4.85 msg/s)
2025-12-01 00:06:32,742 - __main__ - INFO - Processed 1610 messages (4.85 msg/s)
2025-12-01 00:06:34,247 - __main__ - INFO - Processed 1620 messages (4.85 msg/s)
2025-12-01 00:06:35,758 - __main__ - INFO - Processed 1630 messages (4.86 msg/s)
2025-12-01 00:06:37,023 - __main__ - INFO - Processed 1640 messages (4.87 msg/s)
2025-12-01 00:06:38,511 - __main__ - INFO - Processed 1650 messages (4.88 msg/s)
2025-12-01 00:06:39,988 - __main__ - INFO - Processed 1660 messages (4.89 msg/s)
2025-12-01 00:06:41,799 - __main__ - INFO - Processed 1670 messages (4.89 msg/s)
2025-12-01 00:06:43,028 - __main__ - INFO - Processed 1680 messages (4.91 msg/s)
2025-12-01 00:06:44,759 - __main__ - INFO - Processed 1690 messages (4.91 msg/s)
2025-12-01 00:06:47,239 - __main__ - INFO - Processed 1700 messages (4.90 msg/s)
2025-12-01 00:06:48,760 - __main__ - INFO - Processed 1710 messages (4.91 msg/s)
2025-12-01 00:06:50,488 - __main__ - INFO - Processed 1720 messages (4.91 msg/s)
2025-12-01 00:06:52,988 - __main__ - INFO - Processed 1730 messages (4.91 msg/s)
2025-12-01 00:06:55,988 - __main__ - INFO - Processed 1740 messages (4.90 msg/s)
2025-12-01 00:06:58,010 - __main__ - INFO - Processed 1750 messages (4.90 msg/s)
2025-12-01 00:06:59,822 - __main__ - INFO - Processed 1760 messages (4.90 msg/s)
2025-12-01 00:07:02,075 - __main__ - INFO - Processed 1770 messages (4.90 msg/s)
2025-12-01 00:07:03,488 - __main__ - INFO - Processed 1780 messages (4.90 msg/s)
2025-12-01 00:07:05,010 - __main__ - INFO - Processed 1790 messages (4.91 msg/s)
2025-12-01 00:07:06,489 - __main__ - INFO - Processed 1800 messages (4.92 msg/s)
2025-12-01 00:07:08,014 - __main__ - INFO - Processed 1810 messages (4.93 msg/s)
2025-12-01 00:07:10,064 - __main__ - INFO - Processed 1820 messages (4.93 msg/s)
2025-12-01 00:07:11,259 - __main__ - INFO - Processed 1830 messages (4.94 msg/s)
2025-12-01 00:07:13,011 - __main__ - INFO - Processed 1840 messages (4.94 msg/s)
2025-12-01 00:07:14,509 - __main__ - INFO - Processed 1850 messages (4.95 msg/s)
2025-12-01 00:07:16,001 - __main__ - INFO - Processed 1860 messages (4.95 msg/s)
2025-12-01 00:07:18,049 - __main__ - INFO - Processed 1870 messages (4.95 msg/s)
2025-12-01 00:07:19,555 - __main__ - INFO - Processed 1880 messages (4.96 msg/s)
2025-12-01 00:07:21,268 - __main__ - INFO - Processed 1890 messages (4.96 msg/s)
2025-12-01 00:07:23,239 - __main__ - INFO - Processed 1900 messages (4.96 msg/s)
2025-12-01 00:07:24,489 - __main__ - INFO - Processed 1910 messages (4.97 msg/s)
2025-12-01 00:07:25,988 - __main__ - INFO - Processed 1920 messages (4.98 msg/s)
2025-12-01 00:07:27,777 - __main__ - INFO - Processed 1930 messages (4.98 msg/s)
2025-12-01 00:07:29,738 - __main__ - INFO - Processed 1940 messages (4.98 msg/s)
2025-12-01 00:07:31,241 - __main__ - INFO - Processed 1950 messages (4.99 msg/s)
2025-12-01 00:07:33,239 - __main__ - INFO - Processed 1960 messages (4.99 msg/s)
2025-12-01 00:07:34,488 - __main__ - INFO - Processed 1970 messages (5.00 msg/s)
2025-12-01 00:07:35,988 - __main__ - INFO - Processed 1980 messages (5.01 msg/s)
2025-12-01 00:07:37,513 - __main__ - INFO - Processed 1990 messages (5.01 msg/s)
2025-12-01 00:07:39,758 - __main__ - INFO - Processed 2000 messages (5.01 msg/s)
2025-12-01 00:07:41,269 - __main__ - INFO - Processed 2010 messages (5.02 msg/s)
2025-12-01 00:07:43,761 - __main__ - INFO - Processed 2020 messages (5.01 msg/s)
2025-12-01 00:07:45,252 - __main__ - INFO - Processed 2030 messages (5.02 msg/s)
2025-12-01 00:07:47,266 - __main__ - INFO - Processed 2040 messages (5.02 msg/s)
2025-12-01 00:07:49,508 - __main__ - INFO - Processed 2050 messages (5.01 msg/s)
2025-12-01 00:07:51,989 - __main__ - INFO - Processed 2060 messages (5.01 msg/s)
2025-12-01 00:07:53,992 - __main__ - INFO - Processed 2070 messages (5.01 msg/s)
2025-12-01 00:07:55,987 - __main__ - INFO - Processed 2080 messages (5.01 msg/s)
2025-12-01 00:07:57,781 - __main__ - INFO - Processed 2090 messages (5.01 msg/s)
2025-12-01 00:07:59,488 - __main__ - INFO - Processed 2100 messages (5.01 msg/s)
2025-12-01 00:08:01,262 - __main__ - INFO - Processed 2110 messages (5.02 msg/s)
2025-12-01 00:08:03,239 - __main__ - INFO - Processed 2120 messages (5.02 msg/s)
2025-12-01 00:08:05,012 - __main__ - INFO - Processed 2130 messages (5.02 msg/s)
2025-12-01 00:08:06,992 - __main__ - INFO - Processed 2140 messages (5.02 msg/s)
2025-12-01 00:08:08,238 - __main__ - INFO - Processed 2150 messages (5.03 msg/s)
2025-12-01 00:08:09,488 - __main__ - INFO - Processed 2160 messages (5.04 msg/s)
2025-12-01 00:08:11,488 - __main__ - INFO - Processed 2170 messages (5.04 msg/s)
2025-12-01 00:08:13,039 - __main__ - INFO - Processed 2180 messages (5.04 msg/s)
2025-12-01 00:08:14,508 - __main__ - INFO - Processed 2190 messages (5.05 msg/s)
2025-12-01 00:08:16,009 - __main__ - INFO - Processed 2200 messages (5.05 msg/s)
2025-12-01 00:08:18,510 - __main__ - INFO - Processed 2210 messages (5.05 msg/s)
2025-12-01 00:08:20,280 - __main__ - INFO - Processed 2220 messages (5.05 msg/s)
2025-12-01 00:08:22,049 - __main__ - INFO - Processed 2230 messages (5.05 msg/s)
2025-12-01 00:08:23,511 - __main__ - INFO - Processed 2240 messages (5.06 msg/s)
2025-12-01 00:08:25,248 - __main__ - INFO - Processed 2250 messages (5.06 msg/s)
2025-12-01 00:08:26,988 - __main__ - INFO - Processed 2260 messages (5.06 msg/s)
2025-12-01 00:08:28,789 - __main__ - INFO - Processed 2270 messages (5.06 msg/s)
2025-12-01 00:08:30,259 - __main__ - INFO - Processed 2280 messages (5.07 msg/s)
2025-12-01 00:08:31,777 - __main__ - INFO - Processed 2290 messages (5.07 msg/s)
2025-12-01 00:08:33,832 - __main__ - INFO - Processed 2300 messages (5.07 msg/s)
2025-12-01 00:08:35,508 - __main__ - INFO - Processed 2310 messages (5.08 msg/s)
2025-12-01 00:08:37,490 - __main__ - INFO - Processed 2320 messages (5.08 msg/s)
2025-12-01 00:08:39,239 - __main__ - INFO - Processed 2330 messages (5.08 msg/s)
2025-12-01 00:08:40,491 - __main__ - INFO - Processed 2340 messages (5.09 msg/s)
2025-12-01 00:08:41,813 - __main__ - INFO - Processed 2350 messages (5.09 msg/s)
2025-12-01 00:08:43,041 - __main__ - INFO - Processed 2360 messages (5.10 msg/s)
2025-12-01 00:08:44,508 - __main__ - INFO - Processed 2370 messages (5.11 msg/s)
2025-12-01 00:08:46,487 - __main__ - INFO - Processed 2380 messages (5.11 msg/s)
2025-12-01 00:08:48,795 - __main__ - INFO - Processed 2390 messages (5.10 msg/s)
2025-12-01 00:08:50,285 - __main__ - INFO - Processed 2400 messages (5.11 msg/s)
2025-12-01 00:08:52,509 - __main__ - INFO - Processed 2410 messages (5.11 msg/s)
2025-12-01 00:08:54,302 - __main__ - INFO - Processed 2420 messages (5.11 msg/s)
2025-12-01 00:08:55,738 - __main__ - INFO - Processed 2430 messages (5.11 msg/s)
2025-12-01 00:08:57,739 - __main__ - INFO - Processed 2440 messages (5.11 msg/s)
2025-12-01 00:08:59,511 - __main__ - INFO - Processed 2450 messages (5.12 msg/s)
2025-12-01 00:09:01,487 - __main__ - INFO - Processed 2460 messages (5.11 msg/s)
2025-12-01 00:09:03,306 - __main__ - INFO - Processed 2470 messages (5.12 msg/s)
2025-12-01 00:09:04,764 - __main__ - INFO - Processed 2480 messages (5.12 msg/s)
2025-12-01 00:09:06,798 - __main__ - INFO - Processed 2490 messages (5.12 msg/s)
2025-12-01 00:09:08,239 - __main__ - INFO - Processed 2500 messages (5.13 msg/s)
2025-12-01 00:09:09,769 - __main__ - INFO - Processed 2510 messages (5.13 msg/s)
2025-12-01 00:09:11,817 - __main__ - INFO - Processed 2520 messages (5.13 msg/s)
2025-12-01 00:09:13,486 - __main__ - INFO - Processed 2530 messages (5.13 msg/s)
2025-12-01 00:09:15,489 - __main__ - INFO - Processed 2540 messages (5.13 msg/s)
2025-12-01 00:09:17,039 - __main__ - INFO - Processed 2550 messages (5.14 msg/s)
2025-12-01 00:09:18,738 - __main__ - INFO - Processed 2560 messages (5.14 msg/s)
2025-12-01 00:09:20,828 - __main__ - INFO - Processed 2570 messages (5.14 msg/s)
2025-12-01 00:09:22,987 - __main__ - INFO - Processed 2580 messages (5.13 msg/s)
2025-12-01 00:09:25,259 - __main__ - INFO - Processed 2590 messages (5.13 msg/s)
2025-12-01 00:09:27,513 - __main__ - INFO - Processed 2600 messages (5.13 msg/s)
2025-12-01 00:09:29,486 - __main__ - INFO - Processed 2610 messages (5.13 msg/s)
2025-12-01 00:09:31,988 - __main__ - INFO - Processed 2620 messages (5.12 msg/s)
2025-12-01 00:09:33,990 - __main__ - INFO - Processed 2630 messages (5.12 msg/s)
2025-12-01 00:09:35,488 - __main__ - INFO - Processed 2640 messages (5.13 msg/s)
2025-12-01 00:09:37,029 - __main__ - INFO - Processed 2650 messages (5.13 msg/s)
2025-12-01 00:09:38,738 - __main__ - INFO - Processed 2660 messages (5.13 msg/s)
2025-12-01 00:09:40,259 - __main__ - INFO - Processed 2670 messages (5.14 msg/s)
2025-12-01 00:09:42,240 - __main__ - INFO - Processed 2680 messages (5.14 msg/s)
2025-12-01 00:09:44,260 - __main__ - INFO - Processed 2690 messages (5.14 msg/s)
2025-12-01 00:09:47,023 - __main__ - INFO - Processed 2700 messages (5.13 msg/s)
2025-12-01 00:09:49,512 - __main__ - INFO - Processed 2710 messages (5.12 msg/s)
2025-12-01 00:09:51,258 - __main__ - INFO - Processed 2720 messages (5.13 msg/s)
2025-12-01 00:09:53,258 - __main__ - INFO - Processed 2730 messages (5.12 msg/s)
2025-12-01 00:09:55,492 - __main__ - INFO - Processed 2740 messages (5.12 msg/s)
2025-12-01 00:09:57,239 - __main__ - INFO - Processed 2750 messages (5.12 msg/s)
2025-12-01 00:09:58,743 - __main__ - INFO - Processed 2760 messages (5.13 msg/s)
2025-12-01 00:10:01,009 - __main__ - INFO - Processed 2770 messages (5.13 msg/s)
2025-12-01 00:10:02,487 - __main__ - INFO - Processed 2780 messages (5.13 msg/s)
2025-12-01 00:10:04,261 - __main__ - INFO - Processed 2790 messages (5.13 msg/s)
2025-12-01 00:10:05,987 - __main__ - INFO - Processed 2800 messages (5.13 msg/s)
2025-12-01 00:10:07,988 - __main__ - INFO - Processed 2810 messages (5.13 msg/s)
2025-12-01 00:10:09,259 - __main__ - INFO - Processed 2820 messages (5.14 msg/s)
2025-12-01 00:10:11,487 - __main__ - INFO - Processed 2830 messages (5.14 msg/s)
2025-12-01 00:10:13,052 - __main__ - INFO - Processed 2840 messages (5.14 msg/s)
2025-12-01 00:10:15,010 - __main__ - INFO - Processed 2850 messages (5.14 msg/s)
2025-12-01 00:10:16,743 - __main__ - INFO - Processed 2860 messages (5.14 msg/s)
2025-12-01 00:10:18,275 - __main__ - INFO - Processed 2870 messages (5.15 msg/s)
2025-12-01 00:10:20,620 - __main__ - INFO - Processed 2880 messages (5.14 msg/s)
2025-12-01 00:10:22,063 - __main__ - INFO - Processed 2890 messages (5.15 msg/s)
2025-12-01 00:10:23,755 - __main__ - INFO - Processed 2900 messages (5.15 msg/s)
2025-12-01 00:10:25,986 - __main__ - INFO - Processed 2910 messages (5.15 msg/s)
2025-12-01 00:10:28,002 - __main__ - INFO - Processed 2920 messages (5.15 msg/s)
2025-12-01 00:10:29,738 - __main__ - INFO - Processed 2930 messages (5.15 msg/s)
2025-12-01 00:10:31,488 - __main__ - INFO - Processed 2940 messages (5.15 msg/s)
2025-12-01 00:10:32,739 - __main__ - INFO - Processed 2950 messages (5.16 msg/s)
2025-12-01 00:10:34,742 - __main__ - INFO - Processed 2960 messages (5.15 msg/s)
2025-12-01 00:10:36,238 - __main__ - INFO - Processed 2970 messages (5.16 msg/s)
2025-12-01 00:10:37,758 - __main__ - INFO - Processed 2980 messages (5.16 msg/s)
2025-12-01 00:10:40,237 - __main__ - INFO - Processed 2990 messages (5.16 msg/s)
2025-12-01 00:10:41,510 - __main__ - INFO - Processed 3000 messages (5.16 msg/s)
2025-12-01 00:10:43,259 - __main__ - INFO - Processed 3010 messages (5.17 msg/s)
2025-12-01 00:10:44,796 - __main__ - INFO - Processed 3020 messages (5.17 msg/s)
2025-12-01 00:10:46,008 - __main__ - INFO - Processed 3030 messages (5.18 msg/s)
2025-12-01 00:10:47,766 - __main__ - INFO - Processed 3040 messages (5.18 msg/s)
2025-12-01 00:10:49,508 - __main__ - INFO - Processed 3050 messages (5.18 msg/s)
2025-12-01 00:10:50,987 - __main__ - INFO - Processed 3060 messages (5.18 msg/s)
2025-12-01 00:10:52,739 - __main__ - INFO - Processed 3070 messages (5.18 msg/s)
2025-12-01 00:10:54,487 - __main__ - INFO - Processed 3080 messages (5.19 msg/s)
2025-12-01 00:10:56,486 - __main__ - INFO - Processed 3090 messages (5.18 msg/s)
2025-12-01 00:10:58,313 - __main__ - INFO - Processed 3100 messages (5.19 msg/s)
2025-12-01 00:11:00,054 - __main__ - INFO - Processed 3110 messages (5.19 msg/s)
2025-12-01 00:11:01,740 - __main__ - INFO - Processed 3120 messages (5.19 msg/s)
2025-12-01 00:11:03,509 - __main__ - INFO - Processed 3130 messages (5.19 msg/s)
2025-12-01 00:11:05,489 - __main__ - INFO - Processed 3140 messages (5.19 msg/s)
2025-12-01 00:11:07,015 - __main__ - INFO - Processed 3150 messages (5.19 msg/s)
2025-12-01 00:11:08,738 - __main__ - INFO - Processed 3160 messages (5.20 msg/s)
2025-12-01 00:11:11,010 - __main__ - INFO - Processed 3170 messages (5.19 msg/s)
2025-12-01 00:11:12,988 - __main__ - INFO - Processed 3180 messages (5.19 msg/s)
2025-12-01 00:11:14,498 - __main__ - INFO - Processed 3190 messages (5.20 msg/s)
2025-12-01 00:11:16,258 - __main__ - INFO - Processed 3200 messages (5.20 msg/s)
2025-12-01 00:11:17,770 - __main__ - INFO - Processed 3210 messages (5.20 msg/s)
2025-12-01 00:11:20,988 - __main__ - INFO - Processed 3220 messages (5.19 msg/s)
2025-12-01 00:11:23,755 - __main__ - INFO - Processed 3230 messages (5.18 msg/s)
2025-12-01 00:11:26,239 - __main__ - INFO - Processed 3240 messages (5.18 msg/s)
2025-12-01 00:11:29,319 - __main__ - INFO - Processed 3250 messages (5.17 msg/s)
2025-12-01 00:11:31,082 - __main__ - INFO - Processed 3260 messages (5.17 msg/s)
2025-12-01 00:11:33,027 - __main__ - INFO - Processed 3270 messages (5.17 msg/s)
2025-12-01 00:11:34,238 - __main__ - INFO - Processed 3280 messages (5.18 msg/s)
2025-12-01 00:11:35,784 - __main__ - INFO - Processed 3290 messages (5.18 msg/s)
2025-12-01 00:11:37,828 - __main__ - INFO - Processed 3300 messages (5.18 msg/s)
2025-12-01 00:11:39,508 - __main__ - INFO - Processed 3310 messages (5.18 msg/s)
2025-12-01 00:11:41,736 - __main__ - INFO - Processed 3320 messages (5.18 msg/s)
2025-12-01 00:11:43,738 - __main__ - INFO - Processed 3330 messages (5.18 msg/s)
2025-12-01 00:11:46,738 - __main__ - INFO - Processed 3340 messages (5.17 msg/s)
2025-12-01 00:11:49,822 - __main__ - INFO - Processed 3350 messages (5.16 msg/s)
2025-12-01 00:11:52,237 - __main__ - INFO - Processed 3360 messages (5.16 msg/s)
2025-12-01 00:11:54,258 - __main__ - INFO - Processed 3370 messages (5.16 msg/s)
2025-12-01 00:11:56,487 - __main__ - INFO - Processed 3380 messages (5.15 msg/s)
2025-12-01 00:11:57,808 - __main__ - INFO - Processed 3390 messages (5.16 msg/s)
2025-12-01 00:11:59,242 - __main__ - INFO - Processed 3400 messages (5.16 msg/s)
2025-12-01 00:12:00,739 - __main__ - INFO - Processed 3410 messages (5.17 msg/s)
2025-12-01 00:12:02,009 - __main__ - INFO - Processed 3420 messages (5.17 msg/s)
2025-12-01 00:12:03,486 - __main__ - INFO - Processed 3430 messages (5.17 msg/s)
2025-12-01 00:12:04,767 - __main__ - INFO - Processed 3440 messages (5.18 msg/s)
2025-12-01 00:12:06,987 - __main__ - INFO - Processed 3450 messages (5.18 msg/s)
2025-12-01 00:12:08,987 - __main__ - INFO - Processed 3460 messages (5.18 msg/s)
2025-12-01 00:12:10,511 - __main__ - INFO - Processed 3470 messages (5.18 msg/s)
2025-12-01 00:12:12,007 - __main__ - INFO - Processed 3480 messages (5.18 msg/s)
2025-12-01 00:12:13,758 - __main__ - INFO - Processed 3490 messages (5.18 msg/s)
2025-12-01 00:12:16,239 - __main__ - INFO - Processed 3500 messages (5.18 msg/s)
2025-12-01 00:12:17,736 - __main__ - INFO - Processed 3510 messages (5.18 msg/s)
2025-12-01 00:12:19,487 - __main__ - INFO - Processed 3520 messages (5.18 msg/s)
2025-12-01 00:12:21,237 - __main__ - INFO - Processed 3530 messages (5.19 msg/s)
2025-12-01 00:12:23,010 - __main__ - INFO - Processed 3540 messages (5.19 msg/s)
2025-12-01 00:12:25,237 - __main__ - INFO - Processed 3550 messages (5.18 msg/s)
2025-12-01 00:12:27,992 - __main__ - INFO - Processed 3560 messages (5.18 msg/s)
2025-12-01 00:12:30,033 - __main__ - INFO - Processed 3570 messages (5.18 msg/s)
2025-12-01 00:12:31,489 - __main__ - INFO - Processed 3580 messages (5.18 msg/s)
2025-12-01 00:12:33,742 - __main__ - INFO - Processed 3590 messages (5.18 msg/s)
2025-12-01 00:12:35,007 - __main__ - INFO - Processed 3600 messages (5.18 msg/s)
2025-12-01 00:12:37,027 - __main__ - INFO - Processed 3610 messages (5.18 msg/s)
2025-12-01 00:12:38,509 - __main__ - INFO - Processed 3620 messages (5.19 msg/s)
2025-12-01 00:12:40,304 - __main__ - INFO - Processed 3630 messages (5.19 msg/s)
2025-12-01 00:12:42,248 - __main__ - INFO - Processed 3640 messages (5.19 msg/s)
2025-12-01 00:12:44,259 - __main__ - INFO - Processed 3650 messages (5.19 msg/s)
2025-12-01 00:12:46,755 - __main__ - INFO - Processed 3660 messages (5.18 msg/s)
2025-12-01 00:12:48,291 - __main__ - INFO - Processed 3670 messages (5.19 msg/s)
2025-12-01 00:12:49,827 - __main__ - INFO - Processed 3680 messages (5.19 msg/s)
2025-12-01 00:12:50,986 - __main__ - INFO - Processed 3690 messages (5.19 msg/s)
2025-12-01 00:12:52,759 - __main__ - INFO - Processed 3700 messages (5.19 msg/s)
2025-12-01 00:12:54,737 - __main__ - INFO - Processed 3710 messages (5.19 msg/s)
2025-12-01 00:12:56,237 - __main__ - INFO - Processed 3720 messages (5.20 msg/s)
2025-12-01 00:12:57,738 - __main__ - INFO - Processed 3730 messages (5.20 msg/s)
2025-12-01 00:12:59,762 - __main__ - INFO - Processed 3740 messages (5.20 msg/s)
2025-12-01 00:13:01,260 - __main__ - INFO - Processed 3750 messages (5.20 msg/s)
2025-12-01 00:13:02,832 - __main__ - INFO - Processed 3760 messages (5.21 msg/s)
2025-12-01 00:13:04,487 - __main__ - INFO - Processed 3770 messages (5.21 msg/s)
2025-12-01 00:13:05,739 - __main__ - INFO - Processed 3780 messages (5.21 msg/s)
2025-12-01 00:13:07,488 - __main__ - INFO - Processed 3790 messages (5.21 msg/s)
2025-12-01 00:13:09,986 - __main__ - INFO - Processed 3800 messages (5.21 msg/s)
2025-12-01 00:13:12,487 - __main__ - INFO - Processed 3810 messages (5.21 msg/s)
2025-12-01 00:13:14,237 - __main__ - INFO - Processed 3820 messages (5.21 msg/s)
2025-12-01 00:13:16,246 - __main__ - INFO - Processed 3830 messages (5.21 msg/s)
2025-12-01 00:13:17,783 - __main__ - INFO - Processed 3840 messages (5.21 msg/s)
2025-12-01 00:13:19,831 - __main__ - INFO - Processed 3850 messages (5.21 msg/s)
2025-12-01 00:13:21,740 - __main__ - INFO - Processed 3860 messages (5.21 msg/s)
2025-12-01 00:13:23,738 - __main__ - INFO - Processed 3870 messages (5.21 msg/s)
2025-12-01 00:13:25,742 - __main__ - INFO - Processed 3880 messages (5.21 msg/s)
2025-12-01 00:13:27,738 - __main__ - INFO - Processed 3890 messages (5.21 msg/s)
2025-12-01 00:13:29,508 - __main__ - INFO - Processed 3900 messages (5.21 msg/s)
2025-12-01 00:13:30,999 - __main__ - INFO - Processed 3910 messages (5.21 msg/s)
2025-12-01 00:13:32,753 - __main__ - INFO - Processed 3920 messages (5.21 msg/s)
2025-12-01 00:13:34,256 - __main__ - INFO - Processed 3930 messages (5.21 msg/s)
2025-12-01 00:13:35,741 - __main__ - INFO - Processed 3940 messages (5.22 msg/s)
2025-12-01 00:13:37,024 - __main__ - INFO - Processed 3950 messages (5.22 msg/s)
2025-12-01 00:13:39,799 - __main__ - INFO - Processed 3960 messages (5.22 msg/s)
2025-12-01 00:13:41,486 - __main__ - INFO - Processed 3970 messages (5.22 msg/s)
2025-12-01 00:13:43,074 - __main__ - INFO - Processed 3980 messages (5.22 msg/s)
2025-12-01 00:13:44,759 - __main__ - INFO - Processed 3990 messages (5.22 msg/s)
2025-12-01 00:13:46,986 - __main__ - INFO - Processed 4000 messages (5.22 msg/s)
2025-12-01 00:13:48,486 - __main__ - INFO - Processed 4010 messages (5.22 msg/s)
2025-12-01 00:13:51,239 - __main__ - INFO - Processed 4020 messages (5.22 msg/s)
2025-12-01 00:13:53,237 - __main__ - INFO - Processed 4030 messages (5.22 msg/s)
2025-12-01 00:13:55,753 - __main__ - INFO - Processed 4040 messages (5.21 msg/s)
2025-12-01 00:13:58,237 - __main__ - INFO - Processed 4050 messages (5.21 msg/s)
2025-12-01 00:14:00,236 - __main__ - INFO - Processed 4060 messages (5.21 msg/s)
2025-12-01 00:14:01,759 - __main__ - INFO - Processed 4070 messages (5.21 msg/s)
2025-12-01 00:14:05,237 - __main__ - INFO - Processed 4080 messages (5.20 msg/s)
2025-12-01 00:14:07,031 - __main__ - INFO - Processed 4090 messages (5.20 msg/s)
2025-12-01 00:14:08,508 - __main__ - INFO - Processed 4100 messages (5.20 msg/s)
2025-12-01 00:14:10,487 - __main__ - INFO - Processed 4110 messages (5.20 msg/s)
2025-12-01 00:14:12,510 - __main__ - INFO - Processed 4120 messages (5.20 msg/s)
2025-12-01 00:14:15,487 - __main__ - INFO - Processed 4130 messages (5.20 msg/s)
2025-12-01 00:14:17,237 - __main__ - INFO - Processed 4140 messages (5.20 msg/s)
2025-12-01 00:14:19,737 - __main__ - INFO - Processed 4150 messages (5.19 msg/s)
2025-12-01 00:14:21,485 - __main__ - INFO - Processed 4160 messages (5.19 msg/s)
2025-12-01 00:14:23,487 - __main__ - INFO - Processed 4170 messages (5.19 msg/s)
2025-12-01 00:14:26,084 - __main__ - INFO - Processed 4180 messages (5.19 msg/s)
2025-12-01 00:14:27,737 - __main__ - INFO - Processed 4190 messages (5.19 msg/s)
2025-12-01 00:14:30,509 - __main__ - INFO - Processed 4200 messages (5.19 msg/s)
2025-12-01 00:14:32,487 - __main__ - INFO - Processed 4210 messages (5.18 msg/s)
2025-12-01 00:14:34,739 - __main__ - INFO - Processed 4220 messages (5.18 msg/s)
2025-12-01 00:14:36,739 - __main__ - INFO - Processed 4230 messages (5.18 msg/s)
2025-12-01 00:14:38,489 - __main__ - INFO - Processed 4240 messages (5.18 msg/s)
2025-12-01 00:14:40,259 - __main__ - INFO - Processed 4250 messages (5.18 msg/s)
2025-12-01 00:14:41,751 - __main__ - INFO - Processed 4260 messages (5.19 msg/s)
2025-12-01 00:14:43,082 - __main__ - INFO - Processed 4270 messages (5.19 msg/s)
2025-12-01 00:14:44,511 - __main__ - INFO - Processed 4280 messages (5.19 msg/s)
2025-12-01 00:14:47,077 - __main__ - INFO - Processed 4290 messages (5.19 msg/s)
2025-12-01 00:14:50,046 - __main__ - INFO - Processed 4300 messages (5.18 msg/s)
2025-12-01 00:14:51,787 - __main__ - INFO - Processed 4310 messages (5.18 msg/s)
2025-12-01 00:14:53,491 - __main__ - INFO - Processed 4320 messages (5.19 msg/s)
2025-12-01 00:14:55,987 - __main__ - INFO - Processed 4330 messages (5.18 msg/s)
2025-12-01 00:14:58,485 - __main__ - INFO - Processed 4340 messages (5.18 msg/s)
2025-12-01 00:15:00,759 - __main__ - INFO - Processed 4350 messages (5.18 msg/s)
2025-12-01 00:15:02,334 - __main__ - INFO - Processed 4360 messages (5.18 msg/s)
2025-12-01 00:15:03,764 - __main__ - INFO - Processed 4370 messages (5.18 msg/s)
2025-12-01 00:15:06,011 - __main__ - INFO - Processed 4380 messages (5.18 msg/s)
2025-12-01 00:15:07,761 - __main__ - INFO - Processed 4390 messages (5.18 msg/s)
2025-12-01 00:15:09,485 - __main__ - INFO - Processed 4400 messages (5.18 msg/s)
2025-12-01 00:15:10,739 - __main__ - INFO - Processed 4410 messages (5.19 msg/s)
2025-12-01 00:15:12,239 - __main__ - INFO - Processed 4420 messages (5.19 msg/s)
2025-12-01 00:15:14,237 - __main__ - INFO - Processed 4430 messages (5.19 msg/s)
2025-12-01 00:15:16,009 - __main__ - INFO - Processed 4440 messages (5.19 msg/s)
2025-12-01 00:15:17,796 - __main__ - INFO - Processed 4450 messages (5.19 msg/s)
2025-12-01 00:15:21,258 - __main__ - INFO - Processed 4460 messages (5.18 msg/s)
2025-12-01 00:15:22,985 - __main__ - INFO - Processed 4470 messages (5.18 msg/s)
2025-12-01 00:15:25,067 - __main__ - INFO - Processed 4480 messages (5.18 msg/s)
2025-12-01 00:15:26,739 - __main__ - INFO - Processed 4490 messages (5.18 msg/s)
2025-12-01 00:15:29,737 - __main__ - INFO - Processed 4500 messages (5.18 msg/s)
2025-12-01 00:15:31,488 - __main__ - INFO - Processed 4510 messages (5.18 msg/s)
2025-12-01 00:15:32,754 - __main__ - INFO - Processed 4520 messages (5.18 msg/s)
2025-12-01 00:15:34,986 - __main__ - INFO - Processed 4530 messages (5.18 msg/s)
2025-12-01 00:15:36,516 - __main__ - INFO - Processed 4540 messages (5.18 msg/s)
2025-12-01 00:15:37,985 - __main__ - INFO - Processed 4550 messages (5.19 msg/s)
2025-12-01 00:15:40,986 - __main__ - INFO - Processed 4560 messages (5.18 msg/s)
2025-12-01 00:15:42,510 - __main__ - INFO - Processed 4570 messages (5.18 msg/s)
2025-12-01 00:15:43,758 - __main__ - INFO - Processed 4580 messages (5.19 msg/s)
2025-12-01 00:15:45,986 - __main__ - INFO - Processed 4590 messages (5.18 msg/s)
2025-12-01 00:15:47,513 - __main__ - INFO - Processed 4600 messages (5.19 msg/s)
2025-12-01 00:15:49,236 - __main__ - INFO - Processed 4610 messages (5.19 msg/s)
2025-12-01 00:15:50,738 - __main__ - INFO - Processed 4620 messages (5.19 msg/s)
2025-12-01 00:15:52,737 - __main__ - INFO - Processed 4630 messages (5.19 msg/s)
2025-12-01 00:15:54,507 - __main__ - INFO - Processed 4640 messages (5.19 msg/s)
2025-12-01 00:15:57,236 - __main__ - INFO - Processed 4650 messages (5.19 msg/s)
2025-12-01 00:16:00,736 - __main__ - INFO - Processed 4660 messages (5.18 msg/s)
2025-12-01 00:16:02,511 - __main__ - INFO - Processed 4670 messages (5.18 msg/s)
2025-12-01 00:16:04,286 - __main__ - INFO - Processed 4680 messages (5.18 msg/s)
2025-12-01 00:16:05,762 - __main__ - INFO - Processed 4690 messages (5.18 msg/s)
2025-12-01 00:16:07,737 - __main__ - INFO - Processed 4700 messages (5.18 msg/s)
2025-12-01 00:16:10,486 - __main__ - INFO - Processed 4710 messages (5.18 msg/s)
2025-12-01 00:16:12,986 - __main__ - INFO - Processed 4720 messages (5.17 msg/s)
2025-12-01 00:16:15,241 - __main__ - INFO - Processed 4730 messages (5.17 msg/s)
2025-12-01 00:16:17,487 - __main__ - INFO - Processed 4740 messages (5.17 msg/s)
2025-12-01 00:16:19,260 - __main__ - INFO - Processed 4750 messages (5.17 msg/s)
2025-12-01 00:16:21,487 - __main__ - INFO - Processed 4760 messages (5.17 msg/s)
2025-12-01 00:16:24,236 - __main__ - INFO - Processed 4770 messages (5.16 msg/s)
2025-12-01 00:16:25,996 - __main__ - INFO - Processed 4780 messages (5.16 msg/s)
2025-12-01 00:16:28,486 - __main__ - INFO - Processed 4790 messages (5.16 msg/s)
2025-12-01 00:16:31,013 - __main__ - INFO - Processed 4800 messages (5.16 msg/s)
2025-12-01 00:16:32,739 - __main__ - INFO - Processed 4810 messages (5.16 msg/s)
2025-12-01 00:16:34,236 - __main__ - INFO - Processed 4820 messages (5.16 msg/s)
2025-12-01 00:16:37,027 - __main__ - INFO - Processed 4830 messages (5.16 msg/s)
2025-12-01 00:16:38,997 - __main__ - INFO - Processed 4840 messages (5.16 msg/s)
2025-12-01 00:16:41,740 - __main__ - INFO - Processed 4850 messages (5.15 msg/s)
2025-12-01 00:16:43,737 - __main__ - INFO - Processed 4860 messages (5.15 msg/s)
2025-12-01 00:16:45,985 - __main__ - INFO - Processed 4870 messages (5.15 msg/s)
2025-12-01 00:16:47,765 - __main__ - INFO - Processed 4880 messages (5.15 msg/s)
2025-12-01 00:16:50,001 - __main__ - INFO - Processed 4890 messages (5.15 msg/s)
2025-12-01 00:16:51,485 - __main__ - INFO - Processed 4900 messages (5.15 msg/s)
2025-12-01 00:16:53,485 - __main__ - INFO - Processed 4910 messages (5.15 msg/s)
2025-12-01 00:16:55,998 - __main__ - INFO - Processed 4920 messages (5.15 msg/s)
2025-12-01 00:16:58,238 - __main__ - INFO - Processed 4930 messages (5.15 msg/s)
2025-12-01 00:17:01,259 - __main__ - INFO - Processed 4940 messages (5.14 msg/s)
2025-12-01 00:17:04,985 - __main__ - INFO - Processed 4950 messages (5.13 msg/s)
2025-12-01 00:17:06,516 - __main__ - INFO - Processed 4960 messages (5.13 msg/s)
2025-12-01 00:17:08,487 - __main__ - INFO - Processed 4970 messages (5.13 msg/s)
2025-12-01 00:17:09,986 - __main__ - INFO - Processed 4980 messages (5.14 msg/s)
2025-12-01 00:17:12,076 - __main__ - INFO - Processed 4990 messages (5.14 msg/s)
2025-12-01 00:17:14,329 - __main__ - INFO - Processed 5000 messages (5.13 msg/s)
2025-12-01 00:17:15,756 - __main__ - INFO - Processed 5010 messages (5.14 msg/s)
2025-12-01 00:17:17,796 - __main__ - INFO - Processed 5020 messages (5.14 msg/s)
2025-12-01 00:17:20,006 - __main__ - INFO - Processed 5030 messages (5.14 msg/s)
2025-12-01 00:17:21,804 - __main__ - INFO - Processed 5040 messages (5.14 msg/s)
2025-12-01 00:17:23,486 - __main__ - INFO - Processed 5050 messages (5.14 msg/s)
2025-12-01 00:17:24,986 - __main__ - INFO - Processed 5060 messages (5.14 msg/s)
2025-12-01 00:17:27,485 - __main__ - INFO - Processed 5070 messages (5.14 msg/s)
2025-12-01 00:17:29,508 - __main__ - INFO - Processed 5080 messages (5.14 msg/s)
2025-12-01 00:17:31,017 - __main__ - INFO - Processed 5090 messages (5.14 msg/s)
2025-12-01 00:17:33,785 - __main__ - INFO - Processed 5100 messages (5.13 msg/s)
2025-12-01 00:17:36,485 - __main__ - INFO - Processed 5110 messages (5.13 msg/s)
2025-12-01 00:17:38,259 - __main__ - INFO - Processed 5120 messages (5.13 msg/s)
2025-12-01 00:17:39,756 - __main__ - INFO - Processed 5130 messages (5.13 msg/s)
2025-12-01 00:17:42,079 - __main__ - INFO - Processed 5140 messages (5.13 msg/s)
2025-12-01 00:17:44,485 - __main__ - INFO - Processed 5150 messages (5.13 msg/s)
2025-12-01 00:17:47,237 - __main__ - INFO - Processed 5160 messages (5.13 msg/s)
2025-12-01 00:17:48,987 - __main__ - INFO - Processed 5170 messages (5.13 msg/s)
2025-12-01 00:17:50,486 - __main__ - INFO - Processed 5180 messages (5.13 msg/s)
2025-12-01 00:17:52,015 - __main__ - INFO - Processed 5190 messages (5.13 msg/s)
2025-12-01 00:17:54,776 - __main__ - INFO - Processed 5200 messages (5.13 msg/s)
2025-12-01 00:17:56,009 - __main__ - INFO - Processed 5210 messages (5.13 msg/s)
2025-12-01 00:17:57,746 - __main__ - INFO - Processed 5220 messages (5.13 msg/s)
2025-12-01 00:17:59,485 - __main__ - INFO - Processed 5230 messages (5.13 msg/s)
2025-12-01 00:18:01,840 - __main__ - INFO - Processed 5240 messages (5.13 msg/s)
2025-12-01 00:18:04,088 - __main__ - INFO - Processed 5250 messages (5.13 msg/s)
2025-12-01 00:18:06,349 - __main__ - INFO - Processed 5260 messages (5.13 msg/s)
2025-12-01 00:18:08,805 - __main__ - INFO - Processed 5270 messages (5.13 msg/s)
2025-12-01 00:18:11,526 - __main__ - INFO - Processed 5280 messages (5.12 msg/s)
2025-12-01 00:18:13,486 - __main__ - INFO - Processed 5290 messages (5.12 msg/s)
2025-12-01 00:18:15,028 - __main__ - INFO - Processed 5300 messages (5.12 msg/s)
2025-12-01 00:18:17,021 - __main__ - INFO - Processed 5310 messages (5.12 msg/s)
2025-12-01 00:18:18,986 - __main__ - INFO - Processed 5320 messages (5.12 msg/s)
2025-12-01 00:18:22,486 - __main__ - INFO - Processed 5330 messages (5.12 msg/s)
2025-12-01 00:18:24,737 - __main__ - INFO - Processed 5340 messages (5.11 msg/s)
2025-12-01 00:18:26,486 - __main__ - INFO - Processed 5350 messages (5.11 msg/s)
2025-12-01 00:18:28,237 - __main__ - INFO - Processed 5360 messages (5.12 msg/s)
2025-12-01 00:18:31,025 - __main__ - INFO - Processed 5370 messages (5.11 msg/s)
2025-12-01 00:18:32,737 - __main__ - INFO - Processed 5380 messages (5.11 msg/s)
2025-12-01 00:18:35,300 - __main__ - INFO - Processed 5390 messages (5.11 msg/s)
2025-12-01 00:18:37,236 - __main__ - INFO - Processed 5400 messages (5.11 msg/s)
2025-12-01 00:18:40,007 - __main__ - INFO - Processed 5410 messages (5.11 msg/s)
2025-12-01 00:18:41,507 - __main__ - INFO - Processed 5420 messages (5.11 msg/s)
2025-12-01 00:18:43,314 - __main__ - INFO - Processed 5430 messages (5.11 msg/s)
2025-12-01 00:18:44,738 - __main__ - INFO - Processed 5440 messages (5.11 msg/s)
2025-12-01 00:18:46,766 - __main__ - INFO - Processed 5450 messages (5.11 msg/s)
2025-12-01 00:18:48,333 - __main__ - INFO - Processed 5460 messages (5.11 msg/s)
2025-12-01 00:18:49,983 - __main__ - INFO - Processed 5470 messages (5.11 msg/s)
2025-12-01 00:18:52,006 - __main__ - INFO - Processed 5480 messages (5.11 msg/s)
2025-12-01 00:18:53,485 - __main__ - INFO - Processed 5490 messages (5.12 msg/s)
2025-12-01 00:18:55,488 - __main__ - INFO - Processed 5500 messages (5.12 msg/s)
2025-12-01 00:18:57,237 - __main__ - INFO - Processed 5510 messages (5.12 msg/s)
2025-12-01 00:18:59,486 - __main__ - INFO - Processed 5520 messages (5.12 msg/s)
2025-12-01 00:19:02,259 - __main__ - INFO - Processed 5530 messages (5.11 msg/s)
2025-12-01 00:19:04,509 - __main__ - INFO - Processed 5540 messages (5.11 msg/s)
2025-12-01 00:19:07,235 - __main__ - INFO - Processed 5550 messages (5.11 msg/s)
2025-12-01 00:19:10,237 - __main__ - INFO - Processed 5560 messages (5.10 msg/s)
2025-12-01 00:19:13,007 - __main__ - INFO - Processed 5570 messages (5.10 msg/s)
2025-12-01 00:19:15,985 - __main__ - INFO - Processed 5580 messages (5.09 msg/s)
2025-12-01 00:19:18,249 - __main__ - INFO - Processed 5590 messages (5.09 msg/s)
2025-12-01 00:19:19,739 - __main__ - INFO - Processed 5600 messages (5.09 msg/s)
2025-12-01 00:19:21,737 - __main__ - INFO - Processed 5610 messages (5.09 msg/s)
2025-12-01 00:19:23,515 - __main__ - INFO - Processed 5620 messages (5.10 msg/s)
2025-12-01 00:19:25,811 - __main__ - INFO - Processed 5630 messages (5.09 msg/s)
2025-12-01 00:19:27,484 - __main__ - INFO - Processed 5640 messages (5.10 msg/s)
2025-12-01 00:19:29,984 - __main__ - INFO - Processed 5650 messages (5.09 msg/s)
2025-12-01 00:19:31,486 - __main__ - INFO - Processed 5660 messages (5.09 msg/s)
2025-12-01 00:19:33,483 - __main__ - INFO - Processed 5670 messages (5.09 msg/s)
2025-12-01 00:19:35,736 - __main__ - INFO - Processed 5680 messages (5.09 msg/s)
2025-12-01 00:19:38,736 - __main__ - INFO - Processed 5690 messages (5.09 msg/s)
2025-12-01 00:19:40,485 - __main__ - INFO - Processed 5700 messages (5.09 msg/s)
2025-12-01 00:19:42,809 - __main__ - INFO - Processed 5710 messages (5.09 msg/s)
2025-12-01 00:19:44,988 - __main__ - INFO - Processed 5720 messages (5.09 msg/s)
2025-12-01 00:19:46,985 - __main__ - INFO - Processed 5730 messages (5.09 msg/s)
2025-12-01 00:19:49,055 - __main__ - INFO - Processed 5740 messages (5.09 msg/s)
2025-12-01 00:19:50,507 - __main__ - INFO - Processed 5750 messages (5.09 msg/s)
2025-12-01 00:19:52,507 - __main__ - INFO - Processed 5760 messages (5.09 msg/s)
2025-12-01 00:19:54,984 - __main__ - INFO - Processed 5770 messages (5.09 msg/s)
2025-12-01 00:19:56,984 - __main__ - INFO - Processed 5780 messages (5.09 msg/s)
2025-12-01 00:19:58,989 - __main__ - INFO - Processed 5790 messages (5.09 msg/s)
2025-12-01 00:20:01,501 - __main__ - INFO - Processed 5800 messages (5.08 msg/s)
2025-12-01 00:20:03,484 - __main__ - INFO - Processed 5810 messages (5.08 msg/s)
2025-12-01 00:20:05,484 - __main__ - INFO - Processed 5820 messages (5.08 msg/s)
2025-12-01 00:20:07,235 - __main__ - INFO - Processed 5830 messages (5.08 msg/s)
2025-12-01 00:20:09,485 - __main__ - INFO - Processed 5840 messages (5.08 msg/s)
2025-12-01 00:20:11,046 - __main__ - INFO - Processed 5850 messages (5.08 msg/s)
2025-12-01 00:20:12,503 - __main__ - INFO - Processed 5860 messages (5.09 msg/s)
2025-12-01 00:20:13,999 - __main__ - INFO - Processed 5870 messages (5.09 msg/s)
2025-12-01 00:20:16,484 - __main__ - INFO - Processed 5880 messages (5.09 msg/s)
2025-12-01 00:20:18,343 - __main__ - INFO - Processed 5890 messages (5.09 msg/s)
2025-12-01 00:20:20,028 - __main__ - INFO - Processed 5900 messages (5.09 msg/s)
2025-12-01 00:20:21,312 - __main__ - INFO - Processed 5910 messages (5.09 msg/s)
2025-12-01 00:20:23,052 - __main__ - INFO - Processed 5920 messages (5.09 msg/s)
2025-12-01 00:20:24,507 - __main__ - INFO - Processed 5930 messages (5.09 msg/s)
2025-12-01 00:20:26,737 - __main__ - INFO - Processed 5940 messages (5.09 msg/s)
2025-12-01 00:20:28,757 - __main__ - INFO - Processed 5950 messages (5.09 msg/s)
2025-12-01 00:20:30,507 - __main__ - INFO - Processed 5960 messages (5.09 msg/s)
2025-12-01 00:20:32,007 - __main__ - INFO - Processed 5970 messages (5.10 msg/s)
2025-12-01 00:20:33,737 - __main__ - INFO - Processed 5980 messages (5.10 msg/s)
2025-12-01 00:20:35,340 - __main__ - INFO - Processed 5990 messages (5.10 msg/s)
2025-12-01 00:20:37,487 - __main__ - INFO - Processed 6000 messages (5.10 msg/s)
2025-12-01 00:20:38,983 - __main__ - INFO - Processed 6010 messages (5.10 msg/s)
2025-12-01 00:20:40,736 - __main__ - INFO - Processed 6020 messages (5.10 msg/s)
2025-12-01 00:20:42,235 - __main__ - INFO - Processed 6030 messages (5.10 msg/s)
2025-12-01 00:20:43,736 - __main__ - INFO - Processed 6040 messages (5.10 msg/s)
2025-12-01 00:20:45,485 - __main__ - INFO - Processed 6050 messages (5.11 msg/s)
2025-12-01 00:20:47,015 - __main__ - INFO - Processed 6060 messages (5.11 msg/s)
2025-12-01 00:20:48,984 - __main__ - INFO - Processed 6070 messages (5.11 msg/s)
2025-12-01 00:20:51,256 - __main__ - INFO - Processed 6080 messages (5.11 msg/s)
2025-12-01 00:20:52,748 - __main__ - INFO - Processed 6090 messages (5.11 msg/s)
2025-12-01 00:20:54,236 - __main__ - INFO - Processed 6100 messages (5.11 msg/s)
2025-12-01 00:20:55,754 - __main__ - INFO - Processed 6110 messages (5.11 msg/s)
2025-12-01 00:20:57,050 - __main__ - INFO - Processed 6120 messages (5.11 msg/s)
2025-12-01 00:20:59,484 - __main__ - INFO - Processed 6130 messages (5.11 msg/s)
2025-12-01 00:21:02,236 - __main__ - INFO - Processed 6140 messages (5.11 msg/s)
2025-12-01 00:21:04,484 - __main__ - INFO - Processed 6150 messages (5.11 msg/s)
2025-12-01 00:21:06,059 - __main__ - INFO - Processed 6160 messages (5.11 msg/s)
2025-12-01 00:21:08,735 - __main__ - INFO - Processed 6170 messages (5.11 msg/s)
2025-12-01 00:21:10,769 - __main__ - INFO - Processed 6180 messages (5.11 msg/s)
2025-12-01 00:21:12,983 - __main__ - INFO - Processed 6190 messages (5.11 msg/s)
2025-12-01 00:21:14,764 - __main__ - INFO - Processed 6200 messages (5.11 msg/s)
2025-12-01 00:21:16,509 - __main__ - INFO - Processed 6210 messages (5.11 msg/s)
2025-12-01 00:21:18,983 - __main__ - INFO - Processed 6220 messages (5.10 msg/s)
2025-12-01 00:21:20,254 - __main__ - INFO - Processed 6230 messages (5.11 msg/s)
2025-12-01 00:21:22,497 - __main__ - INFO - Processed 6240 messages (5.11 msg/s)
2025-12-01 00:21:24,481 - __main__ - INFO - Processed 6250 messages (5.11 msg/s)
2025-12-01 00:21:26,482 - __main__ - INFO - Processed 6260 messages (5.11 msg/s)
2025-12-01 00:21:28,981 - __main__ - INFO - Processed 6270 messages (5.10 msg/s)
2025-12-01 00:21:30,730 - __main__ - INFO - Processed 6280 messages (5.10 msg/s)
2025-12-01 00:21:33,295 - __main__ - INFO - Processed 6290 messages (5.10 msg/s)
2025-12-01 00:21:34,753 - __main__ - INFO - Processed 6300 messages (5.10 msg/s)
2025-12-01 00:21:37,232 - __main__ - INFO - Processed 6310 messages (5.10 msg/s)
2025-12-01 00:21:38,748 - __main__ - INFO - Processed 6320 messages (5.10 msg/s)
2025-12-01 00:21:40,729 - __main__ - INFO - Processed 6330 messages (5.10 msg/s)
2025-12-01 00:21:42,501 - __main__ - INFO - Processed 6340 messages (5.10 msg/s)
2025-12-01 00:21:44,480 - __main__ - INFO - Processed 6350 messages (5.10 msg/s)
2025-12-01 00:21:46,482 - __main__ - INFO - Processed 6360 messages (5.10 msg/s)
2025-12-01 00:21:48,478 - __main__ - INFO - Processed 6370 messages (5.10 msg/s)
2025-12-01 00:21:51,009 - __main__ - INFO - Processed 6380 messages (5.10 msg/s)
2025-12-01 00:21:52,729 - __main__ - INFO - Processed 6390 messages (5.10 msg/s)
2025-12-01 00:21:54,478 - __main__ - INFO - Processed 6400 messages (5.10 msg/s)
2025-12-01 00:21:56,731 - __main__ - INFO - Processed 6410 messages (5.10 msg/s)
2025-12-01 00:21:58,075 - __main__ - INFO - Processed 6420 messages (5.11 msg/s)
2025-12-01 00:21:59,730 - __main__ - INFO - Processed 6430 messages (5.11 msg/s)
2025-12-01 00:22:02,479 - __main__ - INFO - Processed 6440 messages (5.10 msg/s)
2025-12-01 00:22:04,477 - __main__ - INFO - Processed 6450 messages (5.10 msg/s)
2025-12-01 00:22:06,231 - __main__ - INFO - Processed 6460 messages (5.10 msg/s)
2025-12-01 00:22:08,229 - __main__ - INFO - Processed 6470 messages (5.10 msg/s)
2025-12-01 00:22:11,502 - __main__ - INFO - Processed 6480 messages (5.10 msg/s)
2025-12-01 00:22:13,728 - __main__ - INFO - Processed 6490 messages (5.10 msg/s)
2025-12-01 00:22:18,042 - __main__ - INFO - Processed 6500 messages (5.09 msg/s)
2025-12-01 00:22:20,296 - __main__ - INFO - Processed 6510 messages (5.09 msg/s)
2025-12-01 00:22:22,753 - __main__ - INFO - Processed 6520 messages (5.08 msg/s)
2025-12-01 00:22:24,478 - __main__ - INFO - Processed 6530 messages (5.09 msg/s)
2025-12-01 00:22:26,229 - __main__ - INFO - Processed 6540 messages (5.09 msg/s)
2025-12-01 00:22:28,752 - __main__ - INFO - Processed 6550 messages (5.08 msg/s)
2025-12-01 00:22:30,502 - __main__ - INFO - Processed 6560 messages (5.09 msg/s)
2025-12-01 00:22:32,276 - __main__ - INFO - Processed 6570 messages (5.09 msg/s)
2025-12-01 00:22:33,499 - __main__ - INFO - Processed 6580 messages (5.09 msg/s)
2025-12-01 00:22:35,499 - __main__ - INFO - Processed 6590 messages (5.09 msg/s)
2025-12-01 00:22:37,231 - __main__ - INFO - Processed 6600 messages (5.09 msg/s)
2025-12-01 00:22:40,250 - __main__ - INFO - Processed 6610 messages (5.09 msg/s)
2025-12-01 00:22:44,730 - __main__ - INFO - Processed 6620 messages (5.08 msg/s)
2025-12-01 00:22:46,817 - __main__ - INFO - Processed 6630 messages (5.08 msg/s)
2025-12-01 00:22:48,229 - __main__ - INFO - Processed 6640 messages (5.08 msg/s)
2025-12-01 00:22:49,750 - __main__ - INFO - Processed 6650 messages (5.08 msg/s)
2025-12-01 00:22:52,003 - __main__ - INFO - Processed 6660 messages (5.08 msg/s)
2025-12-01 00:22:53,979 - __main__ - INFO - Processed 6670 messages (5.08 msg/s)
2025-12-01 00:22:56,477 - __main__ - INFO - Processed 6680 messages (5.08 msg/s)
2025-12-01 00:22:58,503 - __main__ - INFO - Processed 6690 messages (5.08 msg/s)
2025-12-01 00:23:01,050 - __main__ - INFO - Processed 6700 messages (5.07 msg/s)
2025-12-01 00:23:03,229 - __main__ - INFO - Processed 6710 messages (5.07 msg/s)
2025-12-01 00:23:04,500 - __main__ - INFO - Processed 6720 messages (5.08 msg/s)
2025-12-01 00:23:05,752 - __main__ - INFO - Processed 6730 messages (5.08 msg/s)
